0 info it worked if it ends with ok
1 verbose cli [ 'node', '/usr/local/bin/npm', 'install', 'grunt', '-g' ]
2 info using npm@1.4.28
3 info using node@v0.10.36
4 verbose cache add [ 'grunt', null ]
5 verbose cache add name=undefined spec="grunt" args=["grunt",null]
6 verbose parsed url { protocol: null,
6 verbose parsed url   slashes: null,
6 verbose parsed url   auth: null,
6 verbose parsed url   host: null,
6 verbose parsed url   port: null,
6 verbose parsed url   hostname: null,
6 verbose parsed url   hash: null,
6 verbose parsed url   search: null,
6 verbose parsed url   query: null,
6 verbose parsed url   pathname: 'grunt',
6 verbose parsed url   path: 'grunt',
6 verbose parsed url   href: 'grunt' }
7 silly lockFile 20ff3fd8-grunt grunt
8 verbose lock grunt /Users/thomasbarrett/.npm/20ff3fd8-grunt.lock
9 silly lockFile 20ff3fd8-grunt grunt
10 silly lockFile 20ff3fd8-grunt grunt
11 verbose addNamed [ 'grunt', '' ]
12 verbose addNamed [ null, '*' ]
13 silly lockFile 55f1ff24-grunt grunt@
14 verbose lock grunt@ /Users/thomasbarrett/.npm/55f1ff24-grunt.lock
15 silly addNameRange { name: 'grunt', range: '*', hasData: false }
16 verbose request where is /grunt
17 verbose request registry https://registry.npmjs.org/
18 verbose request id 9f9a17bb92408c3d
19 verbose url raw /grunt
20 verbose url resolving [ 'https://registry.npmjs.org/', './grunt' ]
21 verbose url resolved https://registry.npmjs.org/grunt
22 verbose request where is https://registry.npmjs.org/grunt
23 info trying registry request attempt 1 at 15:01:52
24 verbose etag "688XGTO945XVMW6BCCNG506GT"
25 http GET https://registry.npmjs.org/grunt
26 http 200 https://registry.npmjs.org/grunt
27 silly registry.get cb [ 200,
27 silly registry.get   { server: 'CouchDB/1.5.0 (Erlang OTP/R16B03)',
27 silly registry.get     etag: '"9UNXQBDWNSVW3HVYRPKWOKQXV"',
27 silly registry.get     'content-type': 'application/json',
27 silly registry.get     'cache-control': 'max-age=60',
27 silly registry.get     'content-length': '89381',
27 silly registry.get     'accept-ranges': 'bytes',
27 silly registry.get     date: 'Fri, 05 Jun 2015 14:01:46 GMT',
27 silly registry.get     via: '1.1 varnish',
27 silly registry.get     age: '17',
27 silly registry.get     connection: 'keep-alive',
27 silly registry.get     'x-served-by': 'cache-ams4129-AMS',
27 silly registry.get     'x-cache': 'HIT',
27 silly registry.get     'x-cache-hits': '1',
27 silly registry.get     'x-timer': 'S1433512906.293662,VS0,VE0',
27 silly registry.get     vary: 'Accept' } ]
28 silly addNameRange number 2 { name: 'grunt', range: '*', hasData: true }
29 silly addNameRange versions [ 'grunt',
29 silly addNameRange   [ '0.1.0',
29 silly addNameRange     '0.1.1',
29 silly addNameRange     '0.1.2',
29 silly addNameRange     '0.2.0',
29 silly addNameRange     '0.2.1',
29 silly addNameRange     '0.2.2',
29 silly addNameRange     '0.2.3',
29 silly addNameRange     '0.2.4',
29 silly addNameRange     '0.2.5',
29 silly addNameRange     '0.2.6',
29 silly addNameRange     '0.2.7',
29 silly addNameRange     '0.2.8',
29 silly addNameRange     '0.2.9',
29 silly addNameRange     '0.2.10',
29 silly addNameRange     '0.2.11',
29 silly addNameRange     '0.2.12',
29 silly addNameRange     '0.2.13',
29 silly addNameRange     '0.2.14',
29 silly addNameRange     '0.2.15',
29 silly addNameRange     '0.3.0',
29 silly addNameRange     '0.3.1',
29 silly addNameRange     '0.3.2',
29 silly addNameRange     '0.3.3',
29 silly addNameRange     '0.3.4',
29 silly addNameRange     '0.3.5',
29 silly addNameRange     '0.3.6',
29 silly addNameRange     '0.3.7',
29 silly addNameRange     '0.3.8',
29 silly addNameRange     '0.3.9',
29 silly addNameRange     '0.3.10',
29 silly addNameRange     '0.3.11',
29 silly addNameRange     '0.3.12',
29 silly addNameRange     '0.3.13',
29 silly addNameRange     '0.3.14',
29 silly addNameRange     '0.3.15',
29 silly addNameRange     '0.3.16',
29 silly addNameRange     '0.3.17',
29 silly addNameRange     '0.4.0',
29 silly addNameRange     '0.4.1',
29 silly addNameRange     '0.4.2',
29 silly addNameRange     '0.4.3',
29 silly addNameRange     '0.4.4',
29 silly addNameRange     '0.4.5',
29 silly addNameRange     '0.3.13-a',
29 silly addNameRange     '0.4.0-a',
29 silly addNameRange     '0.4.0-rc1',
29 silly addNameRange     '0.4.0-rc2',
29 silly addNameRange     '0.4.0-rc3',
29 silly addNameRange     '0.4.0-rc4',
29 silly addNameRange     '0.4.0-rc5',
29 silly addNameRange     '0.4.0-rc6',
29 silly addNameRange     '0.4.0-rc7',
29 silly addNameRange     '0.4.0-rc8' ] ]
30 verbose addNamed [ 'grunt', '0.4.5' ]
31 verbose addNamed [ '0.4.5', '0.4.5' ]
32 silly lockFile 81abf7ad-grunt-0-4-5 grunt@0.4.5
33 verbose lock grunt@0.4.5 /Users/thomasbarrett/.npm/81abf7ad-grunt-0-4-5.lock
34 silly lockFile ea6cf2d1--npmjs-org-grunt-grunt-0-4-5-tgz https://registry.npmjs.org/grunt/-/grunt-0.4.5.tgz
35 verbose lock https://registry.npmjs.org/grunt/-/grunt-0.4.5.tgz /Users/thomasbarrett/.npm/ea6cf2d1--npmjs-org-grunt-grunt-0-4-5-tgz.lock
36 verbose addRemoteTarball [ 'https://registry.npmjs.org/grunt/-/grunt-0.4.5.tgz',
36 verbose addRemoteTarball   '56937cd5194324adff6d207631832a9d6ba4e7f0' ]
37 info retry fetch attempt 1 at 15:01:52
38 verbose fetch to= /var/folders/xw/kdtgv3sx6_b05ck2n07t42ym0000gn/T/npm-70409-LhQNzQEe/registry.npmjs.org/grunt/-/grunt-0.4.5.tgz
39 http GET https://registry.npmjs.org/grunt/-/grunt-0.4.5.tgz
40 http 200 https://registry.npmjs.org/grunt/-/grunt-0.4.5.tgz
41 silly lockFile ea6cf2d1--npmjs-org-grunt-grunt-0-4-5-tgz https://registry.npmjs.org/grunt/-/grunt-0.4.5.tgz
42 silly lockFile ea6cf2d1--npmjs-org-grunt-grunt-0-4-5-tgz https://registry.npmjs.org/grunt/-/grunt-0.4.5.tgz
43 silly lockFile 81abf7ad-grunt-0-4-5 grunt@0.4.5
44 silly lockFile 81abf7ad-grunt-0-4-5 grunt@0.4.5
45 silly lockFile 55f1ff24-grunt grunt@
46 silly lockFile 55f1ff24-grunt grunt@
47 silly resolved [ { name: 'grunt',
47 silly resolved     description: 'The JavaScript Task Runner',
47 silly resolved     version: '0.4.5',
47 silly resolved     author: { name: '"Cowboy" Ben Alman', url: 'http://benalman.com/' },
47 silly resolved     homepage: 'http://gruntjs.com/',
47 silly resolved     repository: { type: 'git', url: 'git://github.com/gruntjs/grunt.git' },
47 silly resolved     bugs: { url: 'http://github.com/gruntjs/grunt/issues' },
47 silly resolved     licenses: [ [Object] ],
47 silly resolved     main: 'lib/grunt',
47 silly resolved     scripts: { test: 'grunt test' },
47 silly resolved     engines: { node: '>= 0.8.0' },
47 silly resolved     keywords:
47 silly resolved      [ 'task',
47 silly resolved        'async',
47 silly resolved        'cli',
47 silly resolved        'minify',
47 silly resolved        'uglify',
47 silly resolved        'build',
47 silly resolved        'lodash',
47 silly resolved        'unit',
47 silly resolved        'test',
47 silly resolved        'qunit',
47 silly resolved        'nodeunit',
47 silly resolved        'server',
47 silly resolved        'init',
47 silly resolved        'scaffold',
47 silly resolved        'make',
47 silly resolved        'jake',
47 silly resolved        'tool' ],
47 silly resolved     dependencies:
47 silly resolved      { async: '~0.1.22',
47 silly resolved        'coffee-script': '~1.3.3',
47 silly resolved        colors: '~0.6.2',
47 silly resolved        dateformat: '1.0.2-1.2.3',
47 silly resolved        eventemitter2: '~0.4.13',
47 silly resolved        'findup-sync': '~0.1.2',
47 silly resolved        glob: '~3.1.21',
47 silly resolved        hooker: '~0.2.3',
47 silly resolved        'iconv-lite': '~0.2.11',
47 silly resolved        minimatch: '~0.2.12',
47 silly resolved        nopt: '~1.0.10',
47 silly resolved        rimraf: '~2.2.8',
47 silly resolved        lodash: '~0.9.2',
47 silly resolved        'underscore.string': '~2.2.1',
47 silly resolved        which: '~1.0.5',
47 silly resolved        'js-yaml': '~2.0.5',
47 silly resolved        exit: '~0.1.1',
47 silly resolved        getobject: '~0.1.0',
47 silly resolved        'grunt-legacy-util': '~0.2.0',
47 silly resolved        'grunt-legacy-log': '~0.1.0' },
47 silly resolved     devDependencies:
47 silly resolved      { temporary: '~0.0.4',
47 silly resolved        'grunt-contrib-jshint': '~0.6.4',
47 silly resolved        'grunt-contrib-nodeunit': '~0.2.0',
47 silly resolved        'grunt-contrib-watch': '~0.5.3',
47 silly resolved        difflet: '~0.2.3',
47 silly resolved        semver: '2.1.0',
47 silly resolved        shelljs: '~0.2.5' },
47 silly resolved     _id: 'grunt@0.4.5',
47 silly resolved     dist:
47 silly resolved      { shasum: '56937cd5194324adff6d207631832a9d6ba4e7f0',
47 silly resolved        tarball: 'http://registry.npmjs.org/grunt/-/grunt-0.4.5.tgz' },
47 silly resolved     _from: 'grunt@',
47 silly resolved     _npmVersion: '1.4.4',
47 silly resolved     _npmUser: { name: 'cowboy', email: 'cowboy@rj3.net' },
47 silly resolved     maintainers: [ [Object], [Object] ],
47 silly resolved     directories: {},
47 silly resolved     _shasum: '56937cd5194324adff6d207631832a9d6ba4e7f0',
47 silly resolved     _resolved: 'https://registry.npmjs.org/grunt/-/grunt-0.4.5.tgz' } ]
48 info install grunt@0.4.5 into /usr/local/lib
49 info installOne grunt@0.4.5
50 verbose lib/node_modules/grunt unbuild
51 verbose tar unpack /Users/thomasbarrett/.npm/grunt/0.4.5/package.tgz
52 silly lockFile d04b7634-usr-local-lib-node-modules-grunt tar:///usr/local/lib/node_modules/grunt
53 verbose lock tar:///usr/local/lib/node_modules/grunt /Users/thomasbarrett/.npm/d04b7634-usr-local-lib-node-modules-grunt.lock
54 silly lockFile 4141c654-rett-npm-grunt-0-4-5-package-tgz tar:///Users/thomasbarrett/.npm/grunt/0.4.5/package.tgz
55 verbose lock tar:///Users/thomasbarrett/.npm/grunt/0.4.5/package.tgz /Users/thomasbarrett/.npm/4141c654-rett-npm-grunt-0-4-5-package-tgz.lock
56 silly gunzTarPerm modes [ '755', '644' ]
57 error Error: EACCES, mkdir '/usr/local/lib/node_modules/grunt'
57 error  { [Error: EACCES, mkdir '/usr/local/lib/node_modules/grunt']
57 error   errno: 3,
57 error   code: 'EACCES',
57 error   path: '/usr/local/lib/node_modules/grunt',
57 error   fstream_type: 'Directory',
57 error   fstream_path: '/usr/local/lib/node_modules/grunt',
57 error   fstream_class: 'DirWriter',
57 error   fstream_stack:
57 error    [ '/usr/local/lib/node_modules/npm/node_modules/fstream/lib/dir-writer.js:36:23',
57 error      '/usr/local/lib/node_modules/npm/node_modules/mkdirp/index.js:46:53',
57 error      'Object.oncomplete (fs.js:108:15)' ] }
58 error Please try running this command again as root/Administrator.
59 error System Darwin 14.3.0
60 error command "node" "/usr/local/bin/npm" "install" "grunt" "-g"
61 error cwd /Users/thomasbarrett/coding/express/swordpunk-bs
62 error node -v v0.10.36
63 error npm -v 1.4.28
64 error path /usr/local/lib/node_modules/grunt
65 error fstream_path /usr/local/lib/node_modules/grunt
66 error fstream_type Directory
67 error fstream_class DirWriter
68 error code EACCES
69 error errno 3
70 error stack Error: EACCES, mkdir '/usr/local/lib/node_modules/grunt'
71 error fstream_stack /usr/local/lib/node_modules/npm/node_modules/fstream/lib/dir-writer.js:36:23
71 error fstream_stack /usr/local/lib/node_modules/npm/node_modules/mkdirp/index.js:46:53
71 error fstream_stack Object.oncomplete (fs.js:108:15)
72 verbose exit [ 3, true ]
